[debug] [2020-09-05T15:09:57.313Z] ----------------------------------------------------------------------
[debug] [2020-09-05T15:09:57.315Z] Command:       C:\Program Files\nodejs\node.exe C:\Users\OWAIS SULTAN\AppData\Roaming\npm\node_modules\firebase-tools\lib\bin\firebase.js init
[debug] [2020-09-05T15:09:57.316Z] CLI Version:   8.10.0
[debug] [2020-09-05T15:09:57.316Z] Platform:      win32
[debug] [2020-09-05T15:09:57.316Z] Node Version:  v13.12.0
[debug] [2020-09-05T15:09:57.317Z] Time:          Sat Sep 05 2020 20:09:57 GMT+0500 (Pakistan Standard Time)
[debug] [2020-09-05T15:09:57.317Z] ----------------------------------------------------------------------
[debug] [2020-09-05T15:09:57.318Z] 
[debug] [2020-09-05T15:09:57.325Z] > command requires scopes: ["email","openid","https://www.googleapis.com/auth/cloudplatformprojects.readonly","https://www.googleapis.com/auth/firebase","https://www.googleapis.com/auth/cloud-platform"]
[debug] [2020-09-05T15:09:57.326Z] > authorizing via signed-in user
[info] 
     ######## #### ########  ######## ########     ###     ######  ########
     ##        ##  ##     ## ##       ##     ##  ##   ##  ##       ##
     ######    ##  ########  ######   ########  #########  ######  ######
     ##        ##  ##    ##  ##       ##     ## ##     ##       ## ##
     ##       #### ##     ## ######## ########  ##     ##  ######  ########

You're about to initialize a Firebase project in this directory:

  D:\google

Before we get started, keep in mind:

  * You are initializing in an existing Firebase project directory

[info] 
=== Project Setup
[info] 
[info] First, let's associate this project directory with a Firebase project.
[info] You can create multiple project aliases by running firebase use --add, 
[info] but for now we'll just set up a default project.
[info] 
[info] i  .firebaserc already has a default project, using fb-clone-549e6. 
[debug] [2020-09-05T15:10:06.413Z] >>> HTTP REQUEST GET https://firebase.googleapis.com/v1beta1/projects/fb-clone-549e6  
 
[debug] [2020-09-05T15:10:06.887Z] <<< HTTP RESPONSE 200 {"content-type":"application/json; charset=UTF-8","vary":"X-Origin, Referer, Origin,Accept-Encoding","date":"Sat, 05 Sep 2020 15:10:08 GMT","server":"ESF","cache-control":"private","x-xss-protection":"0","x-frame-options":"SAMEORIGIN","x-content-type-options":"nosniff","alt-svc":"h3-29=\":443\"; ma=2592000,h3-27=\":443\"; ma=2592000,h3-T051=\":443\"; ma=2592000,h3-T050=\":443\"; ma=2592000,h3-Q050=\":443\"; ma=2592000,h3-Q046=\":443\"; ma=2592000,h3-Q043=\":443\"; ma=2592000,quic=\":443\"; ma=2592000; v=\"46,43\"","accept-ranges":"none","transfer-encoding":"chunked"}
[info] 
=== Database Setup
[info] 
[info] Firebase Realtime Database Rules allow you to define how your data should be
[info] structured and when your data can be read from and written to.
[info] 
[debug] [2020-09-05T15:11:46.516Z] ----------------------------------------------------------------------
[debug] [2020-09-05T15:11:46.519Z] Command:       C:\Program Files\nodejs\node.exe C:\Users\OWAIS SULTAN\AppData\Roaming\npm\node_modules\firebase-tools\lib\bin\firebase.js init
[debug] [2020-09-05T15:11:46.520Z] CLI Version:   8.10.0
[debug] [2020-09-05T15:11:46.520Z] Platform:      win32
[debug] [2020-09-05T15:11:46.520Z] Node Version:  v13.12.0
[debug] [2020-09-05T15:11:46.521Z] Time:          Sat Sep 05 2020 20:11:46 GMT+0500 (Pakistan Standard Time)
[debug] [2020-09-05T15:11:46.521Z] ----------------------------------------------------------------------
[debug] [2020-09-05T15:11:46.522Z] 
[debug] [2020-09-05T15:11:46.529Z] > command requires scopes: ["email","openid","https://www.googleapis.com/auth/cloudplatformprojects.readonly","https://www.googleapis.com/auth/firebase","https://www.googleapis.com/auth/cloud-platform"]
[debug] [2020-09-05T15:11:46.529Z] > authorizing via signed-in user
[info] 
     ######## #### ########  ######## ########     ###     ######  ########
     ##        ##  ##     ## ##       ##     ##  ##   ##  ##       ##
     ######    ##  ########  ######   ########  #########  ######  ######
     ##        ##  ##    ##  ##       ##     ## ##     ##       ## ##
     ##       #### ##     ## ######## ########  ##     ##  ######  ########

You're about to initialize a Firebase project in this directory:

  D:\google

Before we get started, keep in mind:

  * You are initializing in an existing Firebase project directory

[info] 
=== Project Setup
[info] 
[info] First, let's associate this project directory with a Firebase project.
[info] You can create multiple project aliases by running firebase use --add, 
[info] but for now we'll just set up a default project.
[info] 
[info] i  .firebaserc already has a default project, using fb-clone-549e6. 
[debug] [2020-09-05T15:12:05.452Z] >>> HTTP REQUEST GET https://firebase.googleapis.com/v1beta1/projects/fb-clone-549e6  
 
[debug] [2020-09-05T15:12:05.963Z] <<< HTTP RESPONSE 200 {"content-type":"application/json; charset=UTF-8","vary":"X-Origin, Referer, Origin,Accept-Encoding","date":"Sat, 05 Sep 2020 15:12:07 GMT","server":"ESF","cache-control":"private","x-xss-protection":"0","x-frame-options":"SAMEORIGIN","x-content-type-options":"nosniff","alt-svc":"h3-29=\":443\"; ma=2592000,h3-27=\":443\"; ma=2592000,h3-T051=\":443\"; ma=2592000,h3-T050=\":443\"; ma=2592000,h3-Q050=\":443\"; ma=2592000,h3-Q046=\":443\"; ma=2592000,h3-Q043=\":443\"; ma=2592000,quic=\":443\"; ma=2592000; v=\"46,43\"","accept-ranges":"none","transfer-encoding":"chunked"}
[info] 
=== Hosting Setup
[info] 
[info] Your public directory is the folder (relative to your project directory) that
[info] will contain Hosting assets to be uploaded with firebase deploy. If you
[info] have a build process for your assets, use your build's output directory.
[info] 
[debug] [2020-09-05T15:12:42.572Z] >>> HTTP REQUEST GET https://www.gstatic.com/firebasejs/releases.json  
 
[debug] [2020-09-05T15:12:45.881Z] <<< HTTP RESPONSE 200 {"accept-ranges":"bytes","vary":"Accept-Encoding, Origin","content-type":"application/json","content-length":"1429","date":"Sat, 05 Sep 2020 15:08:59 GMT","expires":"Sat, 05 Sep 2020 15:58:59 GMT","last-modified":"Thu, 27 Aug 2020 23:52:22 GMT","x-content-type-options":"nosniff","server":"sffe","x-xss-protection":"0","cache-control":"public, max-age=3000","age":"228","alt-svc":"h3-29=\":443\"; ma=2592000,h3-27=\":443\"; ma=2592000,h3-T051=\":443\"; ma=2592000,h3-T050=\":443\"; ma=2592000,h3-Q050=\":443\"; ma=2592000,h3-Q046=\":443\"; ma=2592000,h3-Q043=\":443\"; ma=2592000,quic=\":443\"; ma=2592000; v=\"46,43\""}
[debug] [2020-09-05T15:12:46.246Z] Error: ENOENT: no such file or directory, open 'D:\google\build\index.html'
    at Object.openSync (fs.js:462:3)
    at Object.writeFileSync (fs.js:1328:35)
    at Object.createFileSync (C:\Users\OWAIS SULTAN\AppData\Roaming\npm\node_modules\firebase-tools\node_modules\fs-extra\lib\ensure\file.js:34:6)
    at Config.writeProjectFile (C:\Users\OWAIS SULTAN\AppData\Roaming\npm\node_modules\firebase-tools\lib\config.js:154:8)
    at C:\Users\OWAIS SULTAN\AppData\Roaming\npm\node_modules\firebase-tools\lib\config.js:173:18
    at processTicksAndRejections (internal/process/task_queues.js:97:5)
[error] 
[error] Error: An unexpected error has occurred.
